app/build/intermediates/manifest_merge_blame_file/release/manifest-merger-blame-release-report.txt
1<?xml version="1.0" encoding="utf-8"?>
2<manifest xmlns:android="http://schemas.android.com/apk/res/android"
3    package="foodoo.com"
4    android:versionCode="1"
5    android:versionName="1.0" >
6
7    <uses-sdk
8        android:minSdkVersion="19"
8-->src\main\AndroidManifest.xml
9        android:targetSdkVersion="29" />
9-->src\main\AndroidManifest.xml
10
11    <uses-permission android:name="android.permission.ACCESS_NETWORK_STATE" />
11-->src\main\AndroidManifest.xml:6:5-79
11-->src\main\AndroidManifest.xml:6:22-76
12    <uses-permission android:name="android.permission.INTERNET" />
12-->src\main\AndroidManifest.xml:7:5-67
12-->src\main\AndroidManifest.xml:7:22-64
13    <uses-permission android:name="android.permission.READ_EXTERNAL_STORAGE" />
13-->src\main\AndroidManifest.xml:8:5-80
13-->src\main\AndroidManifest.xml:8:22-77
14    <uses-permission android:name="android.permission.WRITE_EXTERNAL_STORAGE" />
14-->src\main\AndroidManifest.xml:9:5-81
14-->src\main\AndroidManifest.xml:9:22-78
15    <uses-permission android:name="android.permission.WRITE_SETTINGS" />
15-->src\main\AndroidManifest.xml:10:5-12:47
15-->src\main\AndroidManifest.xml:11:9-57
16
17    <application
17-->src\main\AndroidManifest.xml:14:5-43:19
18        android:name="foodoo.com.model.FoodooApplication"
18-->src\main\AndroidManifest.xml:15:9-48
19        android:allowBackup="true"
19-->src\main\AndroidManifest.xml:16:9-35
20        android:appComponentFactory="androidx.core.app.CoreComponentFactory"
20-->[androidx.core:core:1.1.0] AndroidManifest.xml:24:18-86
21        android:hardwareAccelerated="true"
21-->src\main\AndroidManifest.xml:17:9-43
22        android:icon="@drawable/ic_launcher"
22-->src\main\AndroidManifest.xml:18:9-45
23        android:label="@string/app_name"
23-->src\main\AndroidManifest.xml:19:9-41
24        android:roundIcon="@drawable/ic_launcher_round"
24-->src\main\AndroidManifest.xml:20:9-56
25        android:supportsRtl="true"
25-->src\main\AndroidManifest.xml:21:9-35
26        android:theme="@style/AppTheme"
26-->src\main\AndroidManifest.xml:22:9-40
27        android:usesCleartextTraffic="true" >
27-->src\main\AndroidManifest.xml:23:9-44
28        <activity android:name="foodoo.com.PatnerList" />
28-->src\main\AndroidManifest.xml:24:9-57
28-->src\main\AndroidManifest.xml:24:19-45
29        <activity
29-->src\main\AndroidManifest.xml:25:9-28:59
30            android:name="foodoo.com.Dashboard"
30-->src\main\AndroidManifest.xml:26:13-38
31            android:label="@string/title_activity_dashboard"
31-->src\main\AndroidManifest.xml:27:13-61
32            android:theme="@style/AppTheme.NoActionBar" />
32-->src\main\AndroidManifest.xml:28:13-56
33        <activity android:name="foodoo.com.Register" />
33-->src\main\AndroidManifest.xml:29:9-46
33-->src\main\AndroidManifest.xml:29:19-43
34        <activity
34-->src\main\AndroidManifest.xml:30:9-33:52
35            android:name="foodoo.com.ui.login.Login"
35-->src\main\AndroidManifest.xml:31:13-43
36            android:label="@string/title_activity_login"
36-->src\main\AndroidManifest.xml:32:13-57
37            android:screenOrientation="portrait" />
37-->src\main\AndroidManifest.xml:33:13-49
38        <activity
38-->src\main\AndroidManifest.xml:34:9-42:20
39            android:name="foodoo.com.Splashscreen"
39-->src\main\AndroidManifest.xml:35:13-41
40            android:screenOrientation="portrait" >
40-->src\main\AndroidManifest.xml:36:13-49
41            <intent-filter>
41-->src\main\AndroidManifest.xml:37:13-41:29
42                <action android:name="android.intent.action.MAIN" />
42-->src\main\AndroidManifest.xml:38:17-69
42-->src\main\AndroidManifest.xml:38:25-66
43
44                <category android:name="android.intent.category.LAUNCHER" />
44-->src\main\AndroidManifest.xml:40:17-77
44-->src\main\AndroidManifest.xml:40:27-74
45            </intent-filter>
46        </activity>
47
48        <provider
48-->[com.squareup.picasso:picasso:2.71828] AndroidManifest.xml:8:9-11:40
49            android:name="com.squareup.picasso.PicassoProvider"
49-->[com.squareup.picasso:picasso:2.71828] AndroidManifest.xml:9:13-64
50            android:authorities="foodoo.com.com.squareup.picasso"
50-->[com.squareup.picasso:picasso:2.71828] AndroidManifest.xml:10:13-72
51            android:exported="false" />
51-->[com.squareup.picasso:picasso:2.71828] AndroidManifest.xml:11:13-37
52        <provider
52-->[androidx.lifecycle:lifecycle-process:2.0.0] AndroidManifest.xml:23:9-27:43
53            android:name="androidx.lifecycle.ProcessLifecycleOwnerInitializer"
53-->[androidx.lifecycle:lifecycle-process:2.0.0] AndroidManifest.xml:24:13-79
54            android:authorities="foodoo.com.lifecycle-process"
54-->[androidx.lifecycle:lifecycle-process:2.0.0] AndroidManifest.xml:25:13-69
55            android:exported="false"
55-->[androidx.lifecycle:lifecycle-process:2.0.0] AndroidManifest.xml:26:13-37
56            android:multiprocess="true" />
56-->[androidx.lifecycle:lifecycle-process:2.0.0] AndroidManifest.xml:27:13-40
57    </application>
58
59</manifest>